<?xml version="1.0" encoding="UTF-8"?>
<!-- Generated by org.testng.reporters.JUnitReportReporter -->
<testsuite hostname="DESKTOP-KU574QB" name="TestClass.LoginPageTest" tests="1" failures="0" timestamp="23 Mar 2020 17:13:59 GMT" time="22.622" errors="0">
  <testcase name="loginTest" time="22.622" classname="TestClass.LoginPageTest"/>
</testsuite> <!-- TestClass.LoginPageTest -->
