<?xml version="1.0" encoding="UTF-8"?>
<!-- Generated by org.testng.reporters.JUnitReportReporter -->
<testsuite hostname="DESKTOP-KU574QB" name="TestClass.DealsPageTest" tests="4" failures="0" timestamp="23 Mar 2020 17:13:59 GMT" time="95.244" errors="0">
  <testcase name="sendDataToDeal" time="22.986" classname="TestClass.DealsPageTest"/>
  <testcase name="newdealclick" time="23.575" classname="TestClass.DealsPageTest"/>
  <testcase name="sendDataToDeal" time="23.885" classname="TestClass.DealsPageTest"/>
  <testcase name="sendDataToDeal" time="24.798" classname="TestClass.DealsPageTest"/>
</testsuite> <!-- TestClass.DealsPageTest -->
