<?xml version="1.0" encoding="UTF-8"?>
<!-- Generated by org.testng.reporters.JUnitReportReporter -->
<testsuite hostname="DESKTOP-KU574QB" name="TestClass.HomePageTest" tests="2" failures="0" timestamp="23 Mar 2020 17:13:59 GMT" time="42.679" errors="0">
  <testcase name="checklogo" time="20.928" classname="TestClass.HomePageTest"/>
  <testcase name="clickdeals" time="21.751" classname="TestClass.HomePageTest"/>
</testsuite> <!-- TestClass.HomePageTest -->
