<?xml version="1.0" encoding="UTF-8"?>
<!-- Generated by org.testng.reporters.JUnitReportReporter -->
<testsuite hostname="DESKTOP-KU574QB" name="TestClass.ContactPageTest" tests="5" failures="0" timestamp="23 Mar 2020 17:13:59 GMT" time="162.977" errors="0">
  <testcase name="addNewContact" time="23.101" classname="TestClass.ContactPageTest"/>
  <testcase name="addNewContact" time="33.344" classname="TestClass.ContactPageTest"/>
  <testcase name="addNewContact" time="32.131" classname="TestClass.ContactPageTest"/>
  <testcase name="addNewContact" time="45.948" classname="TestClass.ContactPageTest"/>
  <testcase name="addNewContact" time="28.453" classname="TestClass.ContactPageTest"/>
</testsuite> <!-- TestClass.ContactPageTest -->
