<?xml version="1.0" encoding="UTF-8"?>
<!-- Generated by org.testng.reporters.JUnitReportReporter -->
<testsuite hostname="DESKTOP-KU574QB" name="TestClass.DealsPageTest" tests="3" failures="0" timestamp="22 Mar 2020 23:42:45 GMT" time="63.188" errors="0">
  <testcase name="sendDataToDeal" time="20.558" classname="TestClass.DealsPageTest"/>
  <testcase name="sendDataToDeal" time="21.653" classname="TestClass.DealsPageTest"/>
  <testcase name="sendDataToDeal" time="20.977" classname="TestClass.DealsPageTest"/>
</testsuite> <!-- TestClass.DealsPageTest -->
