<?xml version="1.0" encoding="UTF-8"?>
<!-- Generated by org.testng.reporters.JUnitReportReporter -->
<testsuite hostname="DESKTOP-KU574QB" name="TestClass.HomePageTest" tests="2" failures="0" timestamp="22 Mar 2020 22:10:44 GMT" time="37.390" errors="0">
  <testcase name="checklogo" time="19.072" classname="TestClass.HomePageTest"/>
  <testcase name="clickdeals" time="18.318" classname="TestClass.HomePageTest"/>
</testsuite> <!-- TestClass.HomePageTest -->
