<?xml version="1.0" encoding="UTF-8"?>
<!-- Generated by org.testng.reporters.JUnitReportReporter -->
<testsuite hostname="DESKTOP-KU574QB" name="TestClass.LoginPageTest" tests="1" failures="0" timestamp="20 Mar 2020 19:19:42 GMT" time="17.790" errors="0">
  <testcase name="loginTest" time="17.790" classname="TestClass.LoginPageTest"/>
</testsuite> <!-- TestClass.LoginPageTest -->
