<?xml version="1.0" encoding="UTF-8"?>
<!-- Generated by org.testng.reporters.JUnitReportReporter -->
<testsuite hostname="DESKTOP-KU574QB" name="TestClass.ContactPageTest" tests="5" failures="0" timestamp="23 Mar 2020 14:26:21 GMT" time="123.761" errors="0">
  <testcase name="addNewContact" time="27.697" classname="TestClass.ContactPageTest"/>
  <testcase name="addNewContact" time="25.598" classname="TestClass.ContactPageTest"/>
  <testcase name="addNewContact" time="23.497" classname="TestClass.ContactPageTest"/>
  <testcase name="addNewContact" time="22.414" classname="TestClass.ContactPageTest"/>
  <testcase name="addNewContact" time="24.555" classname="TestClass.ContactPageTest"/>
</testsuite> <!-- TestClass.ContactPageTest -->
