<?xml version="1.0" encoding="UTF-8"?>
<!-- Generated by org.testng.reporters.JUnitReportReporter -->
<testsuite skipped="0" hostname="DESKTOP-KU574QB" name="com.crm.qa.test.HomePageTest" tests="3" failures="0" timestamp="2020-03-20T17:39:32 EDT" time="61.304" errors="0">
  <testcase name="verifyHomePageTitle" time="20.707" classname="com.crm.qa.test.HomePageTest"/>
  <testcase name="verifyUserNameTest" time="18.994" classname="com.crm.qa.test.HomePageTest"/>
  <testcase name="verifyContactslinkTest" time="21.603" classname="com.crm.qa.test.HomePageTest"/>
</testsuite> <!-- com.crm.qa.test.HomePageTest -->
