<?xml version="1.0" encoding="UTF-8"?>
<!-- Generated by org.testng.reporters.JUnitReportReporter -->
<testsuite hostname="DESKTOP-KU574QB" name="Test.ParameterAnnotationTestNG" tests="3" failures="0" timestamp="15 Mar 2020 23:25:34 GMT" time="0.011" errors="0">
  <testcase name="method2" time="0.003" classname="Test.ParameterAnnotationTestNG"/>
  <testcase name="method3" time="0.001" classname="Test.ParameterAnnotationTestNG"/>
  <testcase name="method1" time="0.007" classname="Test.ParameterAnnotationTestNG"/>
</testsuite> <!-- Test.ParameterAnnotationTestNG -->
