<?xml version="1.0" encoding="UTF-8"?>
<!-- Generated by org.testng.reporters.JUnitReportReporter -->
<testsuite hostname="DESKTOP-KU574QB" name="Test.dataProvider" tests="1" failures="0" timestamp="15 Mar 2020 23:25:34 GMT" time="0.003" errors="0">
  <testcase name="calcuate" time="0.003" classname="Test.dataProvider"/>
</testsuite> <!-- Test.dataProvider -->
